0 info it worked if it ends with ok
1 verbose cli [ 'node', '/usr/local/bin/npm', 'publish' ]
2 info using npm@2.11.2
3 info using node@v0.10.3
4 verbose publish [ '.' ]
5 silly cache add args [ '.', null ]
6 verbose cache add spec .
7 silly cache add parsed spec { raw: '.',
7 silly cache add   scope: null,
7 silly cache add   name: null,
7 silly cache add   rawSpec: '.',
7 silly cache add   spec: '/Users/andres/Workspace/producteca-sdk',
7 silly cache add   type: 'directory' }
8 verbose addLocalDirectory /Users/andres/.npm/producteca-sdk/0.0.18/package.tgz not in flight; packing
9 verbose tar pack [ '/Users/andres/.npm/producteca-sdk/0.0.18/package.tgz',
9 verbose tar pack   '/Users/andres/Workspace/producteca-sdk' ]
10 verbose tarball /Users/andres/.npm/producteca-sdk/0.0.18/package.tgz
11 verbose folder /Users/andres/Workspace/producteca-sdk
12 info prepublish producteca-sdk@0.0.18
13 verbose addLocalTarball adding from inside cache /Users/andres/.npm/producteca-sdk/0.0.18/package.tgz
14 silly cache afterAdd producteca-sdk@0.0.18
15 verbose afterAdd /Users/andres/.npm/producteca-sdk/0.0.18/package/package.json not in flight; writing
16 verbose afterAdd /Users/andres/.npm/producteca-sdk/0.0.18/package/package.json written
17 silly publish { name: 'producteca-sdk',
17 silly publish   description: 'SDK for querying the Producteca\'s API',
17 silly publish   repository:
17 silly publish    { type: 'git',
17 silly publish      url: 'git://github.com/Parsimotion/producteca-sdk.git' },
17 silly publish   version: '0.0.18',
17 silly publish   main: 'build/sdk.js',
17 silly publish   dependencies:
17 silly publish    { bluebird: '^2.3.11',
17 silly publish      lodash: '~2.4.1',
17 silly publish      q: '~1.0.1',
17 silly publish      restify: '^2.8.2' },
17 silly publish   devDependencies:
17 silly publish    { 'coffee-script': '^1.8.0',
17 silly publish      grunt: '~0.4.4',
17 silly publish      'grunt-contrib-clean': '~0.5.0',
17 silly publish      'grunt-contrib-coffee': '^0.10.1',
17 silly publish      'grunt-mocha-test': '~0.10.2',
17 silly publish      sinon: '^1.10.3',
17 silly publish      'sinon-chai': '^2.5.0' },
17 silly publish   engines: { node: '>=0.10.0' },
17 silly publish   scripts: { test: 'grunt test' },
17 silly publish   readme: '# Producteca SDK\n',
17 silly publish   readmeFilename: 'README.md',
17 silly publish   gitHead: 'd49a7d50ea65459e41c87e4720c2dc85d632ffdd',
17 silly publish   bugs: { url: 'https://github.com/Parsimotion/producteca-sdk/issues' },
17 silly publish   homepage: 'https://github.com/Parsimotion/producteca-sdk#readme',
17 silly publish   _id: 'producteca-sdk@0.0.18',
17 silly publish   _shasum: '7677b84b11cf72c64325e774dd7eaff77f2c9391',
17 silly publish   _from: '.' }
18 verbose getPublishConfig undefined
19 silly mapToRegistry name producteca-sdk
20 silly mapToRegistry using default registry
21 silly mapToRegistry registry https://registry.npmjs.org/
22 silly mapToRegistry uri https://registry.npmjs.org/producteca-sdk
23 verbose publish registryBase https://registry.npmjs.org/
24 silly publish uploading /Users/andres/.npm/producteca-sdk/0.0.18/package.tgz
25 verbose request uri https://registry.npmjs.org/producteca-sdk
26 verbose request sending authorization for write operation
27 info attempt registry request try #1 at 12:05:53
28 verbose request id 160b846128772a63
29 http request PUT https://registry.npmjs.org/producteca-sdk
30 http 403 https://registry.npmjs.org/producteca-sdk
31 verbose headers { 'content-type': 'application/json',
31 verbose headers   'cache-control': 'max-age=60',
31 verbose headers   'content-length': '96',
31 verbose headers   'accept-ranges': 'bytes',
31 verbose headers   date: 'Wed, 08 Jul 2015 15:05:50 GMT',
31 verbose headers   via: '1.1 varnish',
31 verbose headers   connection: 'keep-alive',
31 verbose headers   'x-served-by': 'cache-jfk1030-JFK',
31 verbose headers   'x-cache': 'MISS',
31 verbose headers   'x-cache-hits': '0',
31 verbose headers   'x-timer': 'S1436367949.416439,VS0,VE1380' }
32 verbose request invalidating /Users/andres/.npm/registry.npmjs.org/producteca-sdk on PUT
33 error publish Failed PUT 403
34 verbose stack Error: "You cannot publish over the previously published version 0.0.18." : producteca-sdk
34 verbose stack     at CachingRegistryClient.<anonymous> (/usr/local/lib/node_modules/npm/node_modules/npm-registry-client/lib/request.js:247:14)
34 verbose stack     at Request._callback (/usr/local/lib/node_modules/npm/node_modules/npm-registry-client/lib/request.js:170:14)
34 verbose stack     at Request.self.callback (/usr/local/lib/node_modules/npm/node_modules/request/request.js:354:22)
34 verbose stack     at Request.EventEmitter.emit (events.js:98:17)
34 verbose stack     at Request.<anonymous> (/usr/local/lib/node_modules/npm/node_modules/request/request.js:1207:14)
34 verbose stack     at Request.EventEmitter.emit (events.js:117:20)
34 verbose stack     at IncomingMessage.<anonymous> (/usr/local/lib/node_modules/npm/node_modules/request/request.js:1153:12)
34 verbose stack     at IncomingMessage.EventEmitter.emit (events.js:117:20)
34 verbose stack     at _stream_readable.js:883:14
34 verbose stack     at process._tickCallback (node.js:415:13)
35 verbose statusCode 403
36 verbose pkgid producteca-sdk
37 verbose cwd /Users/andres/Workspace/producteca-sdk
38 error Darwin 12.5.0
39 error argv "node" "/usr/local/bin/npm" "publish"
40 error node v0.10.3
41 error npm  v2.11.2
42 error code E403
43 error "You cannot publish over the previously published version 0.0.18." : producteca-sdk
44 error If you need help, you may report this error at:
44 error     <https://github.com/npm/npm/issues>
45 verbose exit [ 1, true ]
